<?xml version="1.0" encoding="UTF-8"?>
<testsuite xmlns:xsi="http://www.w3.org/2001/XMLSchema-instance" xsi:noNamespaceSchemaLocation="https://maven.apache.org/surefire/maven-surefire-plugin/xsd/surefire-test-report.xsd" name="TestRunner.TestRunner" time="0.07" tests="1" errors="1" skipped="0" failures="0">
  <properties>
    <property name="java.specification.version" value="13"/>
    <property name="sun.cpu.isalist" value="amd64"/>
    <property name="sun.jnu.encoding" value="Cp1252"/>
    <property name="java.class.path" value="C:\Users\Venkatesh\eclipse-workspace\Cucumbertestfm\target\test-classes;C:\Users\Venkatesh\eclipse-workspace\Cucumbertestfm\target\classes;C:\Users\Venkatesh\.m2\repository\io\cucumber\cucumber-java\6.9.1\cucumber-java-6.9.1.jar;C:\Users\Venkatesh\.m2\repository\io\cucumber\cucumber-core\6.9.1\cucumber-core-6.9.1.jar;C:\Users\Venkatesh\.m2\repository\io\cucumber\cucumber-gherkin\6.9.1\cucumber-gherkin-6.9.1.jar;C:\Users\Venkatesh\.m2\repository\io\cucumber\cucumber-gherkin-messages\6.9.1\cucumber-gherkin-messages-6.9.1.jar;C:\Users\Venkatesh\.m2\repository\io\cucumber\messages\13.2.1\messages-13.2.1.jar;C:\Users\Venkatesh\.m2\repository\io\cucumber\tag-expressions\3.0.0\tag-expressions-3.0.0.jar;C:\Users\Venkatesh\.m2\repository\io\cucumber\cucumber-expressions\10.3.0\cucumber-expressions-10.3.0.jar;C:\Users\Venkatesh\.m2\repository\io\cucumber\datatable\3.5.0\datatable-3.5.0.jar;C:\Users\Venkatesh\.m2\repository\io\cucumber\cucumber-plugin\6.9.1\cucumber-plugin-6.9.1.jar;C:\Users\Venkatesh\.m2\repository\io\cucumber\docstring\6.9.1\docstring-6.9.1.jar;C:\Users\Venkatesh\.m2\repository\io\cucumber\html-formatter\9.0.0\html-formatter-9.0.0.jar;C:\Users\Venkatesh\.m2\repository\io\cucumber\create-meta\2.0.4\create-meta-2.0.4.jar;C:\Users\Venkatesh\.m2\repository\org\apiguardian\apiguardian-api\1.1.0\apiguardian-api-1.1.0.jar;C:\Users\Venkatesh\.m2\repository\io\cucumber\cucumber-junit\6.9.1\cucumber-junit-6.9.1.jar;C:\Users\Venkatesh\.m2\repository\junit\junit\4.13.1\junit-4.13.1.jar;C:\Users\Venkatesh\.m2\repository\org\hamcrest\hamcrest-core\1.3\hamcrest-core-1.3.jar;C:\Users\Venkatesh\.m2\repository\org\seleniumhq\selenium\selenium-java\3.141.59\selenium-java-3.141.59.jar;C:\Users\Venkatesh\.m2\repository\org\seleniumhq\selenium\selenium-api\3.141.59\selenium-api-3.141.59.jar;C:\Users\Venkatesh\.m2\repository\org\seleniumhq\selenium\selenium-chrome-driver\3.141.59\selenium-chrome-driver-3.141.59.jar;C:\Users\Venkatesh\.m2\repository\org\seleniumhq\selenium\selenium-edge-driver\3.141.59\selenium-edge-driver-3.141.59.jar;C:\Users\Venkatesh\.m2\repository\org\seleniumhq\selenium\selenium-firefox-driver\3.141.59\selenium-firefox-driver-3.141.59.jar;C:\Users\Venkatesh\.m2\repository\org\seleniumhq\selenium\selenium-ie-driver\3.141.59\selenium-ie-driver-3.141.59.jar;C:\Users\Venkatesh\.m2\repository\org\seleniumhq\selenium\selenium-opera-driver\3.141.59\selenium-opera-driver-3.141.59.jar;C:\Users\Venkatesh\.m2\repository\org\seleniumhq\selenium\selenium-remote-driver\3.141.59\selenium-remote-driver-3.141.59.jar;C:\Users\Venkatesh\.m2\repository\org\seleniumhq\selenium\selenium-safari-driver\3.141.59\selenium-safari-driver-3.141.59.jar;C:\Users\Venkatesh\.m2\repository\org\seleniumhq\selenium\selenium-support\3.141.59\selenium-support-3.141.59.jar;C:\Users\Venkatesh\.m2\repository\net\bytebuddy\byte-buddy\1.8.15\byte-buddy-1.8.15.jar;C:\Users\Venkatesh\.m2\repository\org\apache\commons\commons-exec\1.3\commons-exec-1.3.jar;C:\Users\Venkatesh\.m2\repository\com\google\guava\guava\25.0-jre\guava-25.0-jre.jar;C:\Users\Venkatesh\.m2\repository\com\google\code\findbugs\jsr305\1.3.9\jsr305-1.3.9.jar;C:\Users\Venkatesh\.m2\repository\org\checkerframework\checker-compat-qual\2.0.0\checker-compat-qual-2.0.0.jar;C:\Users\Venkatesh\.m2\repository\com\google\errorprone\error_prone_annotations\2.1.3\error_prone_annotations-2.1.3.jar;C:\Users\Venkatesh\.m2\repository\com\google\j2objc\j2objc-annotations\1.1\j2objc-annotations-1.1.jar;C:\Users\Venkatesh\.m2\repository\org\codehaus\mojo\animal-sniffer-annotations\1.14\animal-sniffer-annotations-1.14.jar;C:\Users\Venkatesh\.m2\repository\com\squareup\okhttp3\okhttp\3.11.0\okhttp-3.11.0.jar;C:\Users\Venkatesh\.m2\repository\com\squareup\okio\okio\1.14.0\okio-1.14.0.jar;C:\Users\Venkatesh\.m2\repository\tech\grasshopper\extentreports-cucumber6-adapter\2.5.0\extentreports-cucumber6-adapter-2.5.0.jar;C:\Users\Venkatesh\.m2\repository\com\aventstack\extentreports\5.0.5\extentreports-5.0.5.jar;C:\Users\Venkatesh\.m2\repository\io\reactivex\rxjava3\rxjava\3.0.4\rxjava-3.0.4.jar;C:\Users\Venkatesh\.m2\repository\org\reactivestreams\reactive-streams\1.0.3\reactive-streams-1.0.3.jar;C:\Users\Venkatesh\.m2\repository\org\freemarker\freemarker\2.3.30\freemarker-2.3.30.jar;C:\Users\Venkatesh\.m2\repository\org\projectlombok\lombok\1.18.12\lombok-1.18.12.jar;C:\Users\Venkatesh\.m2\repository\com\google\code\gson\gson\2.8.6\gson-2.8.6.jar;C:\Users\Venkatesh\.m2\repository\tech\grasshopper\extent-pdf-report\1.3.0\extent-pdf-report-1.3.0.jar;C:\Users\Venkatesh\.m2\repository\tech\grasshopper\cucumber-pdf-report\1.6.0\cucumber-pdf-report-1.6.0.jar;C:\Users\Venkatesh\.m2\repository\org\apache\pdfbox\pdfbox\2.0.21\pdfbox-2.0.21.jar;C:\Users\Venkatesh\.m2\repository\org\apache\pdfbox\fontbox\2.0.21\fontbox-2.0.21.jar;C:\Users\Venkatesh\.m2\repository\org\knowm\xchart\xchart\3.6.5\xchart-3.6.5.jar;C:\Users\Venkatesh\.m2\repository\de\erichseifert\vectorgraphics2d\VectorGraphics2D\0.13\VectorGraphics2D-0.13.jar;C:\Users\Venkatesh\.m2\repository\de\rototor\pdfbox\graphics2d\0.27\graphics2d-0.27.jar;C:\Users\Venkatesh\.m2\repository\com\madgag\animated-gif-lib\1.4\animated-gif-lib-1.4.jar;C:\Users\Venkatesh\.m2\repository\com\github\vandeseer\easytable\0.7.1\easytable-0.7.1.jar;C:\Users\Venkatesh\.m2\repository\com\github\ralfstuckert\pdfbox-layout\pdfbox2-layout\1.0.0\pdfbox2-layout-1.0.0.jar;C:\Users\Venkatesh\.m2\repository\org\yaml\snakeyaml\1.27\snakeyaml-1.27.jar;C:\Users\Venkatesh\.m2\repository\com\aventstack\klov-reporter\5.0.5\klov-reporter-5.0.5.jar;C:\Users\Venkatesh\.m2\repository\org\mongodb\bson\3.6.4\bson-3.6.4.jar;C:\Users\Venkatesh\.m2\repository\org\apache\httpcomponents\httpclient\4.5.2\httpclient-4.5.2.jar;C:\Users\Venkatesh\.m2\repository\org\apache\httpcomponents\httpcore\4.4.4\httpcore-4.4.4.jar;C:\Users\Venkatesh\.m2\repository\commons-logging\commons-logging\1.2\commons-logging-1.2.jar;C:\Users\Venkatesh\.m2\repository\commons-codec\commons-codec\1.9\commons-codec-1.9.jar;C:\Users\Venkatesh\.m2\repository\org\apache\httpcomponents\httpmime\4.5.2\httpmime-4.5.2.jar;C:\Users\Venkatesh\.m2\repository\org\mongodb\mongodb-driver\3.3.0\mongodb-driver-3.3.0.jar;C:\Users\Venkatesh\.m2\repository\org\mongodb\mongodb-driver-core\3.3.0\mongodb-driver-core-3.3.0.jar;"/>
    <property name="java.vm.vendor" value="Oracle Corporation"/>
    <property name="sun.arch.data.model" value="64"/>
    <property name="user.variant" value=""/>
    <property name="java.vendor.url" value="https://java.oracle.com/"/>
    <property name="user.timezone" value="Asia/Calcutta"/>
    <property name="os.name" value="Windows 10"/>
    <property name="java.vm.specification.version" value="13"/>
    <property name="sun.java.launcher" value="SUN_STANDARD"/>
    <property name="user.country" value="IN"/>
    <property name="sun.boot.library.path" value="D:\jdk-13.0.2\bin"/>
    <property name="sun.java.command" value="C:\Users\VENKAT~1\AppData\Local\Temp\surefire10811560808687847387\surefirebooter9605369356527564006.jar C:\Users\Venkatesh\AppData\Local\Temp\surefire10811560808687847387 2021-02-05T23-24-59_584-jvmRun1 surefire16179295972784593757tmp surefire_011733098035415934815tmp"/>
    <property name="jdk.debug" value="release"/>
    <property name="surefire.test.class.path" value="C:\Users\Venkatesh\eclipse-workspace\Cucumbertestfm\target\test-classes;C:\Users\Venkatesh\eclipse-workspace\Cucumbertestfm\target\classes;C:\Users\Venkatesh\.m2\repository\io\cucumber\cucumber-java\6.9.1\cucumber-java-6.9.1.jar;C:\Users\Venkatesh\.m2\repository\io\cucumber\cucumber-core\6.9.1\cucumber-core-6.9.1.jar;C:\Users\Venkatesh\.m2\repository\io\cucumber\cucumber-gherkin\6.9.1\cucumber-gherkin-6.9.1.jar;C:\Users\Venkatesh\.m2\repository\io\cucumber\cucumber-gherkin-messages\6.9.1\cucumber-gherkin-messages-6.9.1.jar;C:\Users\Venkatesh\.m2\repository\io\cucumber\messages\13.2.1\messages-13.2.1.jar;C:\Users\Venkatesh\.m2\repository\io\cucumber\tag-expressions\3.0.0\tag-expressions-3.0.0.jar;C:\Users\Venkatesh\.m2\repository\io\cucumber\cucumber-expressions\10.3.0\cucumber-expressions-10.3.0.jar;C:\Users\Venkatesh\.m2\repository\io\cucumber\datatable\3.5.0\datatable-3.5.0.jar;C:\Users\Venkatesh\.m2\repository\io\cucumber\cucumber-plugin\6.9.1\cucumber-plugin-6.9.1.jar;C:\Users\Venkatesh\.m2\repository\io\cucumber\docstring\6.9.1\docstring-6.9.1.jar;C:\Users\Venkatesh\.m2\repository\io\cucumber\html-formatter\9.0.0\html-formatter-9.0.0.jar;C:\Users\Venkatesh\.m2\repository\io\cucumber\create-meta\2.0.4\create-meta-2.0.4.jar;C:\Users\Venkatesh\.m2\repository\org\apiguardian\apiguardian-api\1.1.0\apiguardian-api-1.1.0.jar;C:\Users\Venkatesh\.m2\repository\io\cucumber\cucumber-junit\6.9.1\cucumber-junit-6.9.1.jar;C:\Users\Venkatesh\.m2\repository\junit\junit\4.13.1\junit-4.13.1.jar;C:\Users\Venkatesh\.m2\repository\org\hamcrest\hamcrest-core\1.3\hamcrest-core-1.3.jar;C:\Users\Venkatesh\.m2\repository\org\seleniumhq\selenium\selenium-java\3.141.59\selenium-java-3.141.59.jar;C:\Users\Venkatesh\.m2\repository\org\seleniumhq\selenium\selenium-api\3.141.59\selenium-api-3.141.59.jar;C:\Users\Venkatesh\.m2\repository\org\seleniumhq\selenium\selenium-chrome-driver\3.141.59\selenium-chrome-driver-3.141.59.jar;C:\Users\Venkatesh\.m2\repository\org\seleniumhq\selenium\selenium-edge-driver\3.141.59\selenium-edge-driver-3.141.59.jar;C:\Users\Venkatesh\.m2\repository\org\seleniumhq\selenium\selenium-firefox-driver\3.141.59\selenium-firefox-driver-3.141.59.jar;C:\Users\Venkatesh\.m2\repository\org\seleniumhq\selenium\selenium-ie-driver\3.141.59\selenium-ie-driver-3.141.59.jar;C:\Users\Venkatesh\.m2\repository\org\seleniumhq\selenium\selenium-opera-driver\3.141.59\selenium-opera-driver-3.141.59.jar;C:\Users\Venkatesh\.m2\repository\org\seleniumhq\selenium\selenium-remote-driver\3.141.59\selenium-remote-driver-3.141.59.jar;C:\Users\Venkatesh\.m2\repository\org\seleniumhq\selenium\selenium-safari-driver\3.141.59\selenium-safari-driver-3.141.59.jar;C:\Users\Venkatesh\.m2\repository\org\seleniumhq\selenium\selenium-support\3.141.59\selenium-support-3.141.59.jar;C:\Users\Venkatesh\.m2\repository\net\bytebuddy\byte-buddy\1.8.15\byte-buddy-1.8.15.jar;C:\Users\Venkatesh\.m2\repository\org\apache\commons\commons-exec\1.3\commons-exec-1.3.jar;C:\Users\Venkatesh\.m2\repository\com\google\guava\guava\25.0-jre\guava-25.0-jre.jar;C:\Users\Venkatesh\.m2\repository\com\google\code\findbugs\jsr305\1.3.9\jsr305-1.3.9.jar;C:\Users\Venkatesh\.m2\repository\org\checkerframework\checker-compat-qual\2.0.0\checker-compat-qual-2.0.0.jar;C:\Users\Venkatesh\.m2\repository\com\google\errorprone\error_prone_annotations\2.1.3\error_prone_annotations-2.1.3.jar;C:\Users\Venkatesh\.m2\repository\com\google\j2objc\j2objc-annotations\1.1\j2objc-annotations-1.1.jar;C:\Users\Venkatesh\.m2\repository\org\codehaus\mojo\animal-sniffer-annotations\1.14\animal-sniffer-annotations-1.14.jar;C:\Users\Venkatesh\.m2\repository\com\squareup\okhttp3\okhttp\3.11.0\okhttp-3.11.0.jar;C:\Users\Venkatesh\.m2\repository\com\squareup\okio\okio\1.14.0\okio-1.14.0.jar;C:\Users\Venkatesh\.m2\repository\tech\grasshopper\extentreports-cucumber6-adapter\2.5.0\extentreports-cucumber6-adapter-2.5.0.jar;C:\Users\Venkatesh\.m2\repository\com\aventstack\extentreports\5.0.5\extentreports-5.0.5.jar;C:\Users\Venkatesh\.m2\repository\io\reactivex\rxjava3\rxjava\3.0.4\rxjava-3.0.4.jar;C:\Users\Venkatesh\.m2\repository\org\reactivestreams\reactive-streams\1.0.3\reactive-streams-1.0.3.jar;C:\Users\Venkatesh\.m2\repository\org\freemarker\freemarker\2.3.30\freemarker-2.3.30.jar;C:\Users\Venkatesh\.m2\repository\org\projectlombok\lombok\1.18.12\lombok-1.18.12.jar;C:\Users\Venkatesh\.m2\repository\com\google\code\gson\gson\2.8.6\gson-2.8.6.jar;C:\Users\Venkatesh\.m2\repository\tech\grasshopper\extent-pdf-report\1.3.0\extent-pdf-report-1.3.0.jar;C:\Users\Venkatesh\.m2\repository\tech\grasshopper\cucumber-pdf-report\1.6.0\cucumber-pdf-report-1.6.0.jar;C:\Users\Venkatesh\.m2\repository\org\apache\pdfbox\pdfbox\2.0.21\pdfbox-2.0.21.jar;C:\Users\Venkatesh\.m2\repository\org\apache\pdfbox\fontbox\2.0.21\fontbox-2.0.21.jar;C:\Users\Venkatesh\.m2\repository\org\knowm\xchart\xchart\3.6.5\xchart-3.6.5.jar;C:\Users\Venkatesh\.m2\repository\de\erichseifert\vectorgraphics2d\VectorGraphics2D\0.13\VectorGraphics2D-0.13.jar;C:\Users\Venkatesh\.m2\repository\de\rototor\pdfbox\graphics2d\0.27\graphics2d-0.27.jar;C:\Users\Venkatesh\.m2\repository\com\madgag\animated-gif-lib\1.4\animated-gif-lib-1.4.jar;C:\Users\Venkatesh\.m2\repository\com\github\vandeseer\easytable\0.7.1\easytable-0.7.1.jar;C:\Users\Venkatesh\.m2\repository\com\github\ralfstuckert\pdfbox-layout\pdfbox2-layout\1.0.0\pdfbox2-layout-1.0.0.jar;C:\Users\Venkatesh\.m2\repository\org\yaml\snakeyaml\1.27\snakeyaml-1.27.jar;C:\Users\Venkatesh\.m2\repository\com\aventstack\klov-reporter\5.0.5\klov-reporter-5.0.5.jar;C:\Users\Venkatesh\.m2\repository\org\mongodb\bson\3.6.4\bson-3.6.4.jar;C:\Users\Venkatesh\.m2\repository\org\apache\httpcomponents\httpclient\4.5.2\httpclient-4.5.2.jar;C:\Users\Venkatesh\.m2\repository\org\apache\httpcomponents\httpcore\4.4.4\httpcore-4.4.4.jar;C:\Users\Venkatesh\.m2\repository\commons-logging\commons-logging\1.2\commons-logging-1.2.jar;C:\Users\Venkatesh\.m2\repository\commons-codec\commons-codec\1.9\commons-codec-1.9.jar;C:\Users\Venkatesh\.m2\repository\org\apache\httpcomponents\httpmime\4.5.2\httpmime-4.5.2.jar;C:\Users\Venkatesh\.m2\repository\org\mongodb\mongodb-driver\3.3.0\mongodb-driver-3.3.0.jar;C:\Users\Venkatesh\.m2\repository\org\mongodb\mongodb-driver-core\3.3.0\mongodb-driver-core-3.3.0.jar;"/>
    <property name="sun.cpu.endian" value="little"/>
    <property name="user.home" value="C:\Users\Venkatesh"/>
    <property name="user.language" value="en"/>
    <property name="java.specification.vendor" value="Oracle Corporation"/>
    <property name="java.version.date" value="2020-01-14"/>
    <property name="java.home" value="D:\jdk-13.0.2"/>
    <property name="file.separator" value="\"/>
    <property name="basedir" value="C:\Users\Venkatesh\eclipse-workspace\Cucumbertestfm"/>
    <property name="java.vm.compressedOopsMode" value="Zero based"/>
    <property name="line.separator" value="&#10;"/>
    <property name="java.vm.specification.vendor" value="Oracle Corporation"/>
    <property name="java.specification.name" value="Java Platform API Specification"/>
    <property name="surefire.real.class.path" value="C:\Users\VENKAT~1\AppData\Local\Temp\surefire10811560808687847387\surefirebooter9605369356527564006.jar"/>
    <property name="user.script" value=""/>
    <property name="sun.management.compiler" value="HotSpot 64-Bit Tiered Compilers"/>
    <property name="java.runtime.version" value="13.0.2+8"/>
    <property name="user.name" value="Venkatesh"/>
    <property name="path.separator" value=";"/>
    <property name="os.version" value="10.0"/>
    <property name="java.runtime.name" value="Java(TM) SE Runtime Environment"/>
    <property name="file.encoding" value="Cp1252"/>
    <property name="java.vm.name" value="Java HotSpot(TM) 64-Bit Server VM"/>
    <property name="localRepository" value="C:\Users\Venkatesh\.m2\repository"/>
    <property name="java.vendor.url.bug" value="https://bugreport.java.com/bugreport/"/>
    <property name="java.io.tmpdir" value="C:\Users\VENKAT~1\AppData\Local\Temp\"/>
    <property name="java.version" value="13.0.2"/>
    <property name="user.dir" value="C:\Users\Venkatesh\eclipse-workspace\Cucumbertestfm"/>
    <property name="os.arch" value="amd64"/>
    <property name="java.vm.specification.name" value="Java Virtual Machine Specification"/>
    <property name="sun.os.patch.level" value=""/>
    <property name="java.library.path" value="D:\jdk-13.0.2\bin;C:\WINDOWS\Sun\Java\bin;C:\WINDOWS\system32;C:\WINDOWS;C:/Users/VENKAT~1/AppData/Local/Temp/eoi3E2.tmp//plugins/org.eclipse.justj.openjdk.hotspot.jre.minimal.stripped.win32.x86_64_15.0.1.v20201027-0507/jre/bin/server;C:/Users/VENKAT~1/AppData/Local/Temp/eoi3E2.tmp//plugins/org.eclipse.justj.openjdk.hotspot.jre.minimal.stripped.win32.x86_64_15.0.1.v20201027-0507/jre/bin;C:\Program Files (x86)\Google\Chrome\Application;C:\Windows\system32;C:\Windows;C:\Windows\System32\Wbem;C:\Windows\System32\WindowsPowerShell\v1.0\;C:\Windows\System32\OpenSSH\;C:\Program Files (x86)\NVIDIA Corporation\PhysX\Common;C:\WINDOWS\system32;C:\WINDOWS;C:\WINDOWS\System32\Wbem;C:\WINDOWS\System32\WindowsPowerShell\v1.0\;C:\WINDOWS\System32\OpenSSH\;C:\Program Files\Microsoft\Web Platform Installer\;C:\Program Files (x86)\Microsoft ASP.NET\ASP.NET Web Pages\v1.0\;C:\Program Files (x86)\Windows Kits\8.0\Windows Performance Toolkit\;C:\Program Files\Microsoft SQL Server\110\Tools\Binn\;C:\Program Files\nodejs\;C:\Program Files\Microsoft SQL Server\110\DTS\Binn\;C:\Program Files (x86)\Microsoft SQL Server\110\Tools\Binn\ManagementStudio\;C:\Program Files (x86)\Microsoft SQL Server\110\Tools\Binn\;C:\Program Files (x86)\Microsoft Visual Studio 10.0\Common7\IDE\PrivateAssemblies\;C:\Program Files (x86)\Microsoft SQL Server\110\DTS\Binn\;c:\Program Files (x86)\Microsoft SQL Server\100\Tools\Binn\;c:\Program Files\Microsoft SQL Server\100\Tools\Binn\;c:\Program Files\Microsoft SQL Server\100\DTS\Binn\;D:\jdk-13.0.2\bin;C:\Users\Venkatesh\.m2\repository\io\cucumber\cucumber-java\6.9.1\cucumber-java-6.9.1-sources.jar;C:\Users\Venkatesh\AppData\Local\Programs\Python\Python38-32\Scripts\;C:\Users\Venkatesh\AppData\Local\Programs\Python\Python38-32\;C:\Users\Venkatesh\AppData\Local\Microsoft\WindowsApps;C:\Users\Venkatesh\AppData\Local\Programs\Microsoft VS Code\bin;C:\Users\Venkatesh\AppData\Roaming\npm;D:\jdk-13.0.2;C:\Users\Venkatesh\.m2\repository\io\cucumber\cucumber-java\6.9.1\cucumber-java-6.9.1-sources.jar;C:\Maven\apache-maven-3.6.3\bin;D:\jdk-13.0.2\bin;;C:\Users\Venkatesh\Downloads;;."/>
    <property name="java.vm.info" value="mixed mode, sharing"/>
    <property name="java.vendor" value="Oracle Corporation"/>
    <property name="java.vm.version" value="13.0.2+8"/>
    <property name="sun.io.unicode.encoding" value="UnicodeLittle"/>
    <property name="java.class.version" value="57.0"/>
  </properties>
  <testcase name="initializationError" classname="TestRunner.TestRunner" time="0.004">
    <error message="The glue path contained invalid identifiers C:/Users/Venkatesh/eclipse-workspace/Cucumbertestfm/target/test-classes/Stepdefinitions" type="java.lang.IllegalArgumentException">java.lang.IllegalArgumentException: The glue path contained invalid identifiers C:/Users/Venkatesh/eclipse-workspace/Cucumbertestfm/target/test-classes/Stepdefinitions
</error>
  </testcase>
</testsuite>